<?xml version="1.0" encoding="UTF-8"?>
<testng-results skipped="0" failed="0" total="1" passed="1">
  <reporter-output>
  </reporter-output>
  <suite name="Default suite" duration-ms="4753" started-at="2017-07-30T10:21:07Z" finished-at="2017-07-30T10:21:12Z">
    <groups>
    </groups>
    <test name="Default test" duration-ms="4753" started-at="2017-07-30T10:21:07Z" finished-at="2017-07-30T10:21:12Z">
      <class name="week6Day1.ReverseString">
        <test-method status="PASS" signature="reverseString()[pri:0, instance:week6Day1.ReverseString@c3fd8b]" name="reverseString" duration-ms="4728" started-at="2017-07-30T15:51:07Z" finished-at="2017-07-30T15:51:12Z">
          <reporter-output>
          </reporter-output>
        </test-method> <!-- reverseString -->
      </class> <!-- week6Day1.ReverseString -->
    </test> <!-- Default test -->
  </suite> <!-- Default suite -->
</testng-results>
